<?xml version="1.0" encoding="UTF-8"?>
<testng-results skipped="0" failed="0" total="1" passed="1">
  <reporter-output>
  </reporter-output>
  <suite name="Command line suite" duration-ms="846" started-at="2018-03-27T05:38:13Z" finished-at="2018-03-27T05:38:14Z">
    <groups>
    </groups>
    <test name="Command line test" duration-ms="846" started-at="2018-03-27T05:38:13Z" finished-at="2018-03-27T05:38:14Z">
      <class name="cases.LoginTest">
        <test-method status="PASS" signature="loginScm(java.lang.String, java.lang.String, java.lang.String)[pri:0, instance:cases.LoginTest@3f2a3a5]" name="loginScm" duration-ms="777" started-at="2018-03-27T13:38:13Z" data-provider="xml" finished-at="2018-03-27T13:38:14Z">
          <params>
            <param index="0">
              <value>
                <![CDATA[10000551]]>
              </value>
            </param>
            <param index="1">
              <value>
                <![CDATA[006]]>
              </value>
            </param>
            <param index="2">
              <value>
                <![CDATA[123456]]>
              </value>
            </param>
          </params>
          <reporter-output>
          </reporter-output>
        </test-method> <!-- loginScm -->
      </class> <!-- cases.LoginTest -->
    </test> <!-- Command line test -->
  </suite> <!-- Command line suite -->
</testng-results>
